Log file open, 04/22/17 20:07:56
LogInit:Display: Running engine for game: NanoBot
LogPlatformFile: Not using cached read wrapper
LogInit:Display: RandInit(1785779570) SRandInit(1785779571).
LogTaskGraph: Started task graph with 5 named threads and 6 total threads with 1 sets of task threads.
LogStats: Stats thread started at 0.328243
LogInit: Using libcurl 7.47.1
LogInit:  - built for x86_64-pc-win32
LogInit:  - supports SSL with OpenSSL/1.0.2g
LogInit:  - supports HTTP deflate (compression) using libz 1.2.8
LogInit:  - other features:
LogInit:      CURL_VERSION_SSL
LogInit:      CURL_VERSION_LIBZ
LogInit:      CURL_VERSION_IPV6
LogInit:      CURL_VERSION_ASYNCHDNS
LogInit:      CURL_VERSION_LARGEFILE
LogInit:      CURL_VERSION_IDN
LogInit:  CurlRequestOptions (configurable via config and command line):
LogInit:  - bVerifyPeer = false  - Libcurl will NOT verify peer certificate
LogInit:  - bUseHttpProxy = false  - Libcurl will NOT use HTTP proxy
LogInit:  - bDontReuseConnections = false  - Libcurl will reuse connections
LogInit:  - CertBundlePath = nullptr  - Libcurl will use whatever was configured at build time.
LogInit: Build: ++UE4+Release-4.15-CL-3348071
LogInit: Engine Version: 4.15.1-3348071+++UE4+Release-4.15
LogInit: Compatible Engine Version: 4.15.0-3299760+++UE4+Release-4.15
LogInit: Net CL: 3299760
LogDevObjectVersion: Number of dev versions registered: 14
LogDevObjectVersion:   Dev-Blueprints (B0D832E4-1F89-4F0D-ACCF-7EB736FD4AA2): 8
LogDevObjectVersion:   Dev-Build (E1C64328-A22C-4D53-A36C-8E866417BD8C): 0
LogDevObjectVersion:   Dev-Core (375EC13C-06E4-48FB-B500-84F0262A717E): 2
LogDevObjectVersion:   Dev-Editor (E4B068ED-F494-42E9-A231-DA0B2E46BB41): 14
LogDevObjectVersion:   Dev-Framework (CFFC743F-43B0-4480-9391-14DF171D2073): 22
LogDevObjectVersion:   Dev-Mobile (B02B49B5-BB20-44E9-A304-32B752E40360): 0
LogDevObjectVersion:   Dev-Networking (A4E4105C-59A1-49B5-A7C5-40C4547EDFEE): 0
LogDevObjectVersion:   Dev-Online (39C831C9-5AE6-47DC-9A44-9C173E1C8E7C): 0
LogDevObjectVersion:   Dev-Physics (78F01B33-EBEA-4F98-B9B4-84EACCB95AA2): 0
LogDevObjectVersion:   Dev-Platform (6631380F-2D4D-43E0-8009-CF276956A95A): 0
LogDevObjectVersion:   Dev-Rendering (12F88B9F-8875-4AFC-A67C-D90C383ABD29): 12
LogDevObjectVersion:   Dev-Sequencer (7B5AE74C-D270-4C10-A958-57980B212A5A): 3
LogDevObjectVersion:   Dev-VR (D7296918-1DD6-4BDD-9DE2-64A83CC13884): 0
LogDevObjectVersion:   Dev-LoadTimes (C2A15278-BFE7-4AFE-6C17-90FF531DF755): 1
LogInit: Compiled (64-bit): Mar 15 2017 16:52:47
LogInit: Compiled with Visual C++: 19.00.23026.00
LogInit: Build Configuration: Development
LogInit: Branch Name: ++UE4+Release-4.15
LogInit: Command line:  
LogInit: Base directory: C:/Program Files/Epic Games/UE_4.15/Engine/Binaries/Win64/
LogInit: Installed Engine Build: 1
LogInit: Presizing for max 8388607 objects, including 0 objects not considered by GC, pre-allocating 0 bytes for permanent pool.
LogInit: Object subsystem initialized
[2017.04.22-19.07.57:268][  0]LogInit: Selected Device Profile: [Windows]
[2017.04.22-19.07.57:268][  0]LogInit: Applying CVar settings loaded from the selected device profile: [Windows]
[2017.04.22-19.07.57:294][  0]LogInit: Computer: DESKTOP-RUADQ5C
[2017.04.22-19.07.57:294][  0]LogInit: User: jonboy
[2017.04.22-19.07.57:294][  0]LogInit: CPU Page size=65536, Cores=2
[2017.04.22-19.07.57:294][  0]LogInit: High frequency timer resolution =3.234379 MHz
[2017.04.22-19.07.57:294][  0]LogMemory: Memory total: Physical=15.8GB (16GB approx)
[2017.04.22-19.07.57:294][  0]LogMemory: Platform Memory Stats for Windows
[2017.04.22-19.07.57:294][  0]LogMemory: Process Physical Memory: 262.43 MB used, 262.43 MB peak
[2017.04.22-19.07.57:294][  0]LogMemory: Process Virtual Memory: 262.22 MB used, 262.22 MB peak
[2017.04.22-19.07.57:294][  0]LogMemory: Physical Memory: 6607.48 MB used,  9593.43 MB free, 16200.91 MB total
[2017.04.22-19.07.57:294][  0]LogMemory: Virtual Memory: 643.25 MB used,  9593.43 MB free, 134217728.00 MB total
[2017.04.22-19.07.57:676][  0]LogTextLocalizationManager: No specific translations for ('en-GB') exist, so ('en') translations will be used.
[2017.04.22-19.07.59:713][  0]LogD3D11RHI: D3D11 adapters:
[2017.04.22-19.07.59:744][  0]LogD3D11RHI:    0. 'NVIDIA Quadro M1000M' (Feature Level 11_0)
[2017.04.22-19.07.59:744][  0]LogD3D11RHI:       4064/0/8100 MB DedicatedVideo/DedicatedSystem/SharedSystem, Outputs:1, VendorId:0x10de
[2017.04.22-19.07.59:751][  0]LogD3D11RHI:    1. 'Intel(R) Iris(TM) Graphics 550' (Feature Level 11_0)
[2017.04.22-19.07.59:751][  0]LogD3D11RHI:       128/0/8100 MB DedicatedVideo/DedicatedSystem/SharedSystem, Outputs:0, VendorId:0x8086
[2017.04.22-19.07.59:752][  0]LogD3D11RHI:    2. 'Microsoft Basic Render Driver' (Feature Level 11_0)
[2017.04.22-19.07.59:752][  0]LogD3D11RHI:       0/0/8100 MB DedicatedVideo/DedicatedSystem/SharedSystem, Outputs:0, VendorId:0x1414
[2017.04.22-19.07.59:752][  0]LogD3D11RHI: Chosen D3D11 Adapter: 0
[2017.04.22-19.07.59:757][  0]LogD3D11RHI: Creating new Direct3DDevice
[2017.04.22-19.07.59:757][  0]LogD3D11RHI:     GPU DeviceId: 0x13b1 (for the marketing name, search the web for "GPU Device Id")
[2017.04.22-19.07.59:757][  0]LogWindows: EnumDisplayDevices:
[2017.04.22-19.07.59:757][  0]LogWindows:    0. 'Intel(R) Iris(TM) Graphics 550' (P:1 D:1)
[2017.04.22-19.07.59:757][  0]LogWindows:    1. 'Intel(R) Iris(TM) Graphics 550' (P:0 D:0)
[2017.04.22-19.07.59:757][  0]LogWindows:    2. 'Intel(R) Iris(TM) Graphics 550' (P:0 D:0)
[2017.04.22-19.07.59:758][  0]LogWindows: DebugString: PrimaryIsNotTheChoosenAdapter PrimaryIsNotTheChoosenAdapter PrimaryIsNotTheChoosenAdapter FoundDriverCount:0 
[2017.04.22-19.07.59:758][  0]LogD3D11RHI:     Adapter Name: NVIDIA Quadro M1000M
[2017.04.22-19.07.59:758][  0]LogD3D11RHI:   Driver Version: Unknown (internal:Unknown, unified:Unknown)
[2017.04.22-19.07.59:758][  0]LogD3D11RHI:      Driver Date: Unknown
[2017.04.22-19.07.59:758][  0]LogRHI: Texture pool is 1361 MB (70% of 1945 MB)
[2017.04.22-19.07.59:776][  0]LogD3D11RHI: Async texture creation enabled
[2017.04.22-19.07.59:803][  0]LogD3D11RHI: GPU Timing Frequency: 1000.000000 (Debug: 2 1)
[2017.04.22-19.07.59:816][  0]LogShaderCompilers: Guid format shader working directory is -21 characters bigger than the processId version (../../../../../../Users/jonboy/Documents/GitHub/LudumDare38/NanoBot/Intermediate/Shaders/WorkingDirectory/10728/).
[2017.04.22-19.07.59:816][  0]LogShaderCompilers: Cleaned the shader compiler working directory 'C:/Users/jonboy/AppData/Local/Temp/UnrealShaderWorkingDir/74DBA22940BC07C0CAF2F2B3CD41B471/'.
[2017.04.22-19.07.59:816][  0]LogShaderCompilers:Display: Using Local Shader Compiler.
[2017.04.22-19.08.02:054][  0]LogTemp:Display: Loaded TP AllDesktopTargetPlatform
[2017.04.22-19.08.02:103][  0]LogTemp:Display: Loaded TP MacClientTargetPlatform
[2017.04.22-19.08.02:152][  0]LogTemp:Display: Loaded TP MacNoEditorTargetPlatform
[2017.04.22-19.08.02:201][  0]LogTemp:Display: Loaded TP MacServerTargetPlatform
[2017.04.22-19.08.02:256][  0]LogTemp:Display: Loaded TP MacTargetPlatform
[2017.04.22-19.08.02:308][  0]LogTemp:Display: Loaded TP WindowsClientTargetPlatform
[2017.04.22-19.08.02:359][  0]LogTemp:Display: Loaded TP WindowsNoEditorTargetPlatform
[2017.04.22-19.08.02:410][  0]LogTemp:Display: Loaded TP WindowsServerTargetPlatform
[2017.04.22-19.08.02:451][  0]LogTemp:Display: Loaded TP WindowsTargetPlatform
[2017.04.22-19.08.02:507][  0]LogTemp:Display: Loaded TP AndroidTargetPlatform
[2017.04.22-19.08.02:558][  0]LogTemp:Display: Loaded TP Android_ASTCTargetPlatform
[2017.04.22-19.08.02:606][  0]LogTemp:Display: Loaded TP Android_ATCTargetPlatform
[2017.04.22-19.08.02:655][  0]LogTemp:Display: Loaded TP Android_DXTTargetPlatform
[2017.04.22-19.08.02:705][  0]LogTemp:Display: Loaded TP Android_ETC1TargetPlatform
[2017.04.22-19.08.02:754][  0]LogTemp:Display: Loaded TP Android_ETC2TargetPlatform
[2017.04.22-19.08.02:867][  0]LogTemp:Display: Loaded TP Android_MultiTargetPlatform
[2017.04.22-19.08.02:867][  0]LogTemp:Display: Loaded TP Android_PVRTCTargetPlatform
[2017.04.22-19.08.02:900][  0]LogTemp:Display: Loaded TP HTML5TargetPlatform
[2017.04.22-19.08.03:020][  0]LogTemp:Display: Loaded TP IOSTargetPlatform
[2017.04.22-19.08.03:054][  0]LogTemp:Display: Loaded TP TVOSTargetPlatform
[2017.04.22-19.08.03:102][  0]LogTemp:Display: Loaded TP LinuxClientTargetPlatform
[2017.04.22-19.08.03:151][  0]LogTemp:Display: Loaded TP LinuxNoEditorTargetPlatform
[2017.04.22-19.08.03:199][  0]LogTemp:Display: Loaded TP LinuxServerTargetPlatform
[2017.04.22-19.08.03:259][  0]LogTemp:Display: Loaded TP LinuxTargetPlatform
[2017.04.22-19.08.03:259][  0]LogTargetPlatformManager:Display: Building Assets For Windows
[2017.04.22-19.08.03:994][  0]LogDerivedDataCache:Display: Max Cache Size: 512 MB
[2017.04.22-19.08.04:221][  0]LogDerivedDataCache: Loaded boot cache 0.23s 50MB C:/Users/jonboy/AppData/Local/UnrealEngine/4.15/DerivedDataCache/Boot.ddc.
[2017.04.22-19.08.04:221][  0]LogDerivedDataCache:Display: Loaded Boot cache: C:/Users/jonboy/AppData/Local/UnrealEngine/4.15/DerivedDataCache/Boot.ddc
[2017.04.22-19.08.04:221][  0]LogDerivedDataCache: FDerivedDataBackendGraph:  Pak pak cache file ../../../../../../Users/jonboy/Documents/GitHub/LudumDare38/NanoBot/DerivedDataCache/DDC.ddp not found, will not use a pak cache.
[2017.04.22-19.08.04:221][  0]LogDerivedDataCache: Unable to find inner node Pak for hierarchical cache Hierarchy.
[2017.04.22-19.08.04:221][  0]LogDerivedDataCache: FDerivedDataBackendGraph:  CompressedPak pak cache file ../../../../../../Users/jonboy/Documents/GitHub/LudumDare38/NanoBot/DerivedDataCache/Compressed.ddp not found, will not use a pak cache.
[2017.04.22-19.08.04:221][  0]LogDerivedDataCache: Unable to find inner node CompressedPak for hierarchical cache Hierarchy.
[2017.04.22-19.08.04:251][  0]LogDerivedDataCache:Display: Pak cache opened for reading ../../../Engine/DerivedDataCache/Compressed.ddp.
[2017.04.22-19.08.04:263][  0]LogDerivedDataCache: Using Local data cache path C:/Users/jonboy/AppData/Local/UnrealEngine/Common/DerivedDataCache: Writable
[2017.04.22-19.08.04:289][  0]LogSlate: Using Freetype 2.6.0
[2017.04.22-19.08.04:296][  0]LogSlate: SlateFontCache - WITH_FREETYPE: 1, WITH_HARFBUZZ: 1
[2017.04.22-19.08.04:296][  0]LogSlate: SlateFontCache - WITH_FREETYPE: 1, WITH_HARFBUZZ: 1
[2017.04.22-19.08.08:244][  0]LogInit: Selected Device Profile: [Windows]
[2017.04.22-19.08.08:259][  0]LogContentStreaming: Texture pool size is 0.00 MB
[2017.04.22-19.08.08:539][  0]LogMeshUtilities: Using QuadricMeshReduction for automatic static mesh reduction
[2017.04.22-19.08.08:585][  0]LogSimplygon: Simplygon DLL not present - disabling.
[2017.04.22-19.08.08:634][  0]LogMeshUtilities: Using SimplygonSwarm for distributed automatic mesh merging
[2017.04.22-19.08.08:634][  0]LogMeshUtilities: No automatic skeletal mesh reduction module available
[2017.04.22-19.08.08:634][  0]LogMeshUtilities: No automatic mesh merging module available
[2017.04.22-19.08.09:827][  0]LogNetVersion: GetLocalNetworkVersion: CL: 3299760, ProjectName: nanobot, ProjectVersion: , EngineNetworkVersion: 2, GameNetworkVersion: 0, NetworkChecksum: 236046953
[2017.04.22-19.08.09:885][  0]LogAssetRegistry: FAssetRegistry took 0.0219 seconds to start up
[2017.04.22-19.08.09:955][  0]LogPackageLocalizationCache: Processed 3 localized package path(s) for 2 prioritized culture(s) in 0.043909 seconds
[2017.04.22-19.08.09:962][  0]LogUObjectArray: 32493 objects as part of root set at end of initial load.
[2017.04.22-19.08.09:962][  0]LogUObjectAllocator: 7077024 out of 0 bytes used by permanent object pool.
[2017.04.22-19.08.09:962][  0]LogUObjectArray: CloseDisregardForGC: 0/0 objects in disregard for GC pool
[2017.04.22-19.08.10:050][  0]LogInit: WinSock: version 1.1 (2.2), MaxSocks=32767, MaxUdp=65467
[2017.04.22-19.08.16:017][  0]LogTcpMessaging: Initializing TcpMessaging bridge
[2017.04.22-19.08.16:053][  0]LogUdpMessaging: Initializing bridge on interface 0.0.0.0:0 to multicast group 230.0.0.1:6666.
[2017.04.22-19.08.16:637][  0]LogMaterial: Uniform references updated for custom material expression Custom.
[2017.04.22-19.08.17:003][  0]SourceControl: Info Source control is disabled
[2017.04.22-19.08.17:005][  0]SourceControl: Info Source control is disabled
[2017.04.22-19.08.17:053][  0]SourceControl: Info Source control is disabled
[2017.04.22-19.08.17:095][  0]SourceControl: Info Source control is disabled
[2017.04.22-19.08.18:359][  0]LogEngine: Initializing Engine...
[2017.04.22-19.08.18:360][  0]LogHMD: Failed to initialize OpenVR with code 110
[2017.04.22-19.08.18:608][  0]LogAIModule: Creating AISystem for world Untitled
[2017.04.22-19.08.18:644][  0]LogInit: XAudio2 using 'Speakers (Realtek High Definition Audio)' : 2 channels at 48 kHz using 32 bits per sample (channel mask 0x3)
[2017.04.22-19.08.18:758][  0]LogInit: FAudioDevice initialized.
[2017.04.22-19.08.18:791][  0]LogDerivedDataCache: Saved boot cache 0.03s 50MB C:/Users/jonboy/AppData/Local/UnrealEngine/4.15/DerivedDataCache/Boot.ddc.
[2017.04.22-19.08.18:793][  0]LogInit: Texture streaming: Enabled
[2017.04.22-19.08.18:885][  0]LogEngineSessionManager: EngineSessionManager initialized
[2017.04.22-19.08.19:018][  0]LogInit: Transaction tracking system initialized
[2017.04.22-19.08.19:398][  0]BlueprintLog: New page: Editor Load
[2017.04.22-19.08.20:429][  0]LocalizationService: Info Localization service is disabled
[2017.04.22-19.08.21:306][  0]LogConsoleResponse:Display: 
[2017.04.22-19.08.21:464][  0]LogCook:Display: Max memory allowance for cook 16384mb min free memory 0mb
[2017.04.22-19.08.21:464][  0]LogCook:Display: Mobile HDR setting 1
[2017.04.22-19.08.21:626][  0]LogFileCache: Scanning file cache for directory 'C:/Users/jonboy/Documents/GitHub/LudumDare38/NanoBot/Content/' took 0.01s
[2017.04.22-19.08.22:649][  0]SourceControl: Info Source control is disabled
[2017.04.22-19.08.22:651][  0]Cmd: MAP LOAD FILE="../../../Engine/Content/Maps/Templates/Template_Default.umap" TEMPLATE=1 SHOWPROGRESS=1 FEATURELEVEL=3
[2017.04.22-19.08.22:653][  0]LightingResults: New page: Lighting Build
[2017.04.22-19.08.22:702][  0]MapCheck: New page: Map Check
[2017.04.22-19.08.22:702][  0]LightingResults: New page: Lighting Build
[2017.04.22-19.08.22:951][  0]LogAIModule: Creating AISystem for world Untitled_1
[2017.04.22-19.08.22:970][  0]LogActorComponent: RegisterComponentWithWorld: (/Temp/Untitled_1.Untitled_1:PersistentLevel.WorldSettings_1.StaticMeshComponent0) Trying to register component with IsPendingKill() == true. Aborting.
[2017.04.22-19.08.22:982][  0]LogEditorServer: Finished looking for orphan Actors (0.000 secs)
[2017.04.22-19.08.22:986][  0]Cmd: MAP CHECKDEP NOCLEARLOG
[2017.04.22-19.08.23:021][  0]MapCheck: Info Map check complete: 0 Error(s), 0 Warning(s), took 34.84ms to complete.
[2017.04.22-19.08.23:021][  0]LogFileHelpers: Loading map 'Template_Default' took 0.371
[2017.04.22-19.08.23:315][  0]LogCollectionManager: Loaded 0 collections in 0.001423 seconds
[2017.04.22-19.08.23:416][  0]LogFileCache: Scanning file cache for directory 'C:/Users/jonboy/Documents/GitHub/LudumDare38/NanoBot/Saved/Collections/' took 0.01s
[2017.04.22-19.08.23:416][  0]LogFileCache: Scanning file cache for directory 'C:/Users/jonboy/Documents/GitHub/LudumDare38/NanoBot/Content/Developers/jonboy/Collections/' took 0.01s
[2017.04.22-19.08.23:416][  0]LogFileCache: Scanning file cache for directory 'C:/Users/jonboy/Documents/GitHub/LudumDare38/NanoBot/Content/Collections/' took 0.01s
[2017.04.22-19.08.23:416][  0]LogCollectionManager: Rebuilt the GUID cache for 0 collections in 0.000004 seconds
[2017.04.22-19.08.23:429][  0]LogContentBrowser: Native class hierarchy populated in 0.0105 seconds. Added 2245 classes and 453 folders.
[2017.04.22-19.08.23:435][  0]LogStats: UGameplayTagsManager::ConstructGameplayTagTree: Construct from data asset -  0.000 s
[2017.04.22-19.08.23:436][  0]LogStats: UGameplayTagsManager::ConstructGameplayTagTree: GameplayTagTreeChangedEvent.Broadcast -  0.000 s
[2017.04.22-19.08.23:551][  0]LogContentBrowser: Native class hierarchy updated for 'WidgetCarousel' in 0.0005 seconds. Added 0 classes and 0 folders.
[2017.04.22-19.08.24:020][  0]LogContentBrowser: Native class hierarchy updated for 'AddContentDialog' in 0.0008 seconds. Added 0 classes and 0 folders.
[2017.04.22-19.08.24:081][  0]LogContentBrowser: Native class hierarchy updated for 'SceneOutliner' in 0.0014 seconds. Added 1 classes and 2 folders.
[2017.04.22-19.08.24:166][  0]LogCrashTracker: Crashtracker disabled due to settings.
[2017.04.22-19.08.24:182][  0]LogUObjectGlobals:Warning: Failed to find object 'Class None.'
[2017.04.22-19.08.24:252][  0]LogContentBrowser: Native class hierarchy updated for 'HierarchicalLODOutliner' in 0.0005 seconds. Added 1 classes and 2 folders.
[2017.04.22-19.08.24:253][  0]LogLoad: (Engine Initialization) Total time: 30.40 seconds
[2017.04.22-19.08.24:253][  0]LogLoad: (Engine Initialization) Total Blueprint compile time: 0.13 seconds
[2017.04.22-19.08.24:253][  0]LogExternalProfiler: Found external profiler: VSPerf
[2017.04.22-19.08.24:253][  0]LogExternalProfiler: Using external profiler: VSPerf
[2017.04.22-19.08.24:595][  0]LogOcInput: OculusInput pre-init called
[2017.04.22-19.08.24:624][  0]LogContentStreaming: Texture pool size now 1000 MB
[2017.04.22-19.08.24:636][  0]LogSlate: Took 0.005390 seconds to synchronously load lazily loaded font '../../../Engine/Content/Slate/Fonts/Roboto-Regular.ttf' (155K)
[2017.04.22-19.08.24:649][  0]LogSlate: Took 0.005623 seconds to synchronously load lazily loaded font '../../../Engine/Content/Slate/Fonts/Roboto-Bold.ttf' (160K)
[2017.04.22-19.08.24:671][  0]LogSlate: Took 0.006370 seconds to synchronously load lazily loaded font '../../../Engine/Content/Editor/Slate/Fonts/FontAwesome.ttf' (139K)
[2017.04.22-19.08.25:028][  0]LogRenderer: Reallocating scene render targets to support 1208x680 NumSamples 1 (Frame:2).
[2017.04.22-19.08.25:486][  2]LogAssetRegistry: Asset discovery search completed in 15.6238 seconds
[2017.04.22-19.08.25:487][  2]LogCollectionManager: Rebuilt the object cache for 0 collections in 0.000030 seconds (found 0 objects)
[2017.04.22-19.08.25:487][  2]LogCollectionManager: Fixed up redirectors for 0 collections in 0.000070 seconds (updated 0 objects)
[2017.04.22-19.08.25:835][  3]LogSlate: Took 0.012857 seconds to synchronously load lazily loaded font '../../../Engine/Content/Slate/Fonts/Roboto-Light.ttf' (159K)
[2017.04.22-19.08.29:175][ 13]LogSlate: Took 0.000982 seconds to synchronously load lazily loaded font '../../../Engine/Content/Slate/Fonts/Roboto-Light.ttf' (159K)
