Log file open, 04/22/17 12:10:00
LogInit:Display: Running engine for game: NanoBot
LogPlatformFile: Not using cached read wrapper
LogInit:Display: RandInit(82085197) SRandInit(82085197).
LogTaskGraph: Started task graph with 5 named threads and 8 total threads with 1 sets of task threads.
LogStats: Stats thread started at 0.073050
LogInit: Using libcurl 7.47.1
LogInit:  - built for x86_64-pc-win32
LogInit:  - supports SSL with OpenSSL/1.0.2g
LogInit:  - supports HTTP deflate (compression) using libz 1.2.8
LogInit:  - other features:
LogInit:      CURL_VERSION_SSL
LogInit:      CURL_VERSION_LIBZ
LogInit:      CURL_VERSION_IPV6
LogInit:      CURL_VERSION_ASYNCHDNS
LogInit:      CURL_VERSION_LARGEFILE
LogInit:      CURL_VERSION_IDN
LogInit:  CurlRequestOptions (configurable via config and command line):
LogInit:  - bVerifyPeer = false  - Libcurl will NOT verify peer certificate
LogInit:  - bUseHttpProxy = false  - Libcurl will NOT use HTTP proxy
LogInit:  - bDontReuseConnections = false  - Libcurl will reuse connections
LogInit:  - CertBundlePath = nullptr  - Libcurl will use whatever was configured at build time.
LogInit: Build: ++UE4+Release-4.15-CL-3348071
LogInit: Engine Version: 4.15.1-3348071+++UE4+Release-4.15
LogInit: Compatible Engine Version: 4.15.0-3299760+++UE4+Release-4.15
LogInit: Net CL: 3299760
LogDevObjectVersion: Number of dev versions registered: 14
LogDevObjectVersion:   Dev-Blueprints (B0D832E4-1F89-4F0D-ACCF-7EB736FD4AA2): 8
LogDevObjectVersion:   Dev-Build (E1C64328-A22C-4D53-A36C-8E866417BD8C): 0
LogDevObjectVersion:   Dev-Core (375EC13C-06E4-48FB-B500-84F0262A717E): 2
LogDevObjectVersion:   Dev-Editor (E4B068ED-F494-42E9-A231-DA0B2E46BB41): 14
LogDevObjectVersion:   Dev-Framework (CFFC743F-43B0-4480-9391-14DF171D2073): 22
LogDevObjectVersion:   Dev-Mobile (B02B49B5-BB20-44E9-A304-32B752E40360): 0
LogDevObjectVersion:   Dev-Networking (A4E4105C-59A1-49B5-A7C5-40C4547EDFEE): 0
LogDevObjectVersion:   Dev-Online (39C831C9-5AE6-47DC-9A44-9C173E1C8E7C): 0
LogDevObjectVersion:   Dev-Physics (78F01B33-EBEA-4F98-B9B4-84EACCB95AA2): 0
LogDevObjectVersion:   Dev-Platform (6631380F-2D4D-43E0-8009-CF276956A95A): 0
LogDevObjectVersion:   Dev-Rendering (12F88B9F-8875-4AFC-A67C-D90C383ABD29): 12
LogDevObjectVersion:   Dev-Sequencer (7B5AE74C-D270-4C10-A958-57980B212A5A): 3
LogDevObjectVersion:   Dev-VR (D7296918-1DD6-4BDD-9DE2-64A83CC13884): 0
LogDevObjectVersion:   Dev-LoadTimes (C2A15278-BFE7-4AFE-6C17-90FF531DF755): 1
LogInit: Compiled (64-bit): Mar 15 2017 16:52:47
LogInit: Compiled with Visual C++: 19.00.23026.00
LogInit: Build Configuration: Development
LogInit: Branch Name: ++UE4+Release-4.15
LogInit: Command line:  
LogInit: Base directory: D:/UE_4.15/Engine/Binaries/Win64/
LogInit: Installed Engine Build: 1
LogInit: Presizing for max 8388607 objects, including 0 objects not considered by GC, pre-allocating 0 bytes for permanent pool.
LogInit: Object subsystem initialized
[2017.04.22-11.10.00:899][  0]LogInit: Selected Device Profile: [Windows]
[2017.04.22-11.10.00:899][  0]LogInit: Applying CVar settings loaded from the selected device profile: [Windows]
[2017.04.22-11.10.00:909][  0]LogInit: Computer: MSI
[2017.04.22-11.10.00:910][  0]LogInit: User: CometGoat
[2017.04.22-11.10.00:910][  0]LogInit: CPU Page size=65536, Cores=4
[2017.04.22-11.10.00:910][  0]LogInit: High frequency timer resolution =2.531253 MHz
[2017.04.22-11.10.00:910][  0]LogMemory: Memory total: Physical=15.9GB (16GB approx)
[2017.04.22-11.10.00:910][  0]LogMemory: Platform Memory Stats for Windows
[2017.04.22-11.10.00:910][  0]LogMemory: Process Physical Memory: 265.25 MB used, 265.25 MB peak
[2017.04.22-11.10.00:910][  0]LogMemory: Process Virtual Memory: 262.75 MB used, 262.75 MB peak
[2017.04.22-11.10.00:910][  0]LogMemory: Physical Memory: 5637.57 MB used,  10631.48 MB free, 16269.05 MB total
[2017.04.22-11.10.00:910][  0]LogMemory: Virtual Memory: 645.61 MB used,  10631.48 MB free, 134217728.00 MB total
[2017.04.22-11.10.00:974][  0]LogTextLocalizationManager: No specific translations for ('en-GB') exist, so ('en') translations will be used.
[2017.04.22-11.10.01:570][  0]LogD3D11RHI: D3D11 adapters:
[2017.04.22-11.10.01:603][  0]LogD3D11RHI:    0. 'NVIDIA GeForce GTX 1060' (Feature Level 11_0)
[2017.04.22-11.10.01:603][  0]LogD3D11RHI:       6100/0/8134 MB DedicatedVideo/DedicatedSystem/SharedSystem, Outputs:1, VendorId:0x10de
[2017.04.22-11.10.01:609][  0]LogD3D11RHI:    1. 'Intel(R) HD Graphics 530' (Feature Level 11_0)
[2017.04.22-11.10.01:609][  0]LogD3D11RHI:       128/0/8134 MB DedicatedVideo/DedicatedSystem/SharedSystem, Outputs:0, VendorId:0x8086
[2017.04.22-11.10.01:611][  0]LogD3D11RHI:    2. 'Microsoft Basic Render Driver' (Feature Level 11_0)
[2017.04.22-11.10.01:611][  0]LogD3D11RHI:       0/0/8134 MB DedicatedVideo/DedicatedSystem/SharedSystem, Outputs:0, VendorId:0x1414
[2017.04.22-11.10.01:611][  0]LogD3D11RHI: Chosen D3D11 Adapter: 0
[2017.04.22-11.10.01:615][  0]LogD3D11RHI: Creating new Direct3DDevice
[2017.04.22-11.10.01:615][  0]LogD3D11RHI:     GPU DeviceId: 0x1c20 (for the marketing name, search the web for "GPU Device Id")
[2017.04.22-11.10.01:615][  0]LogWindows: EnumDisplayDevices:
[2017.04.22-11.10.01:615][  0]LogWindows:    0. 'Intel(R) HD Graphics 530' (P:1 D:1)
[2017.04.22-11.10.01:616][  0]LogWindows:    1. 'Intel(R) HD Graphics 530' (P:0 D:0)
[2017.04.22-11.10.01:616][  0]LogWindows:    2. 'Intel(R) HD Graphics 530' (P:0 D:0)
[2017.04.22-11.10.01:616][  0]LogWindows:    3. 'NVIDIA GeForce GTX 1060' (P:0 D:0)
[2017.04.22-11.10.01:616][  0]LogWindows:    4. 'NVIDIA GeForce GTX 1060' (P:0 D:0)
[2017.04.22-11.10.01:616][  0]LogWindows:    5. 'NVIDIA GeForce GTX 1060' (P:0 D:0)
[2017.04.22-11.10.01:616][  0]LogWindows:    6. 'NVIDIA GeForce GTX 1060' (P:0 D:0)
[2017.04.22-11.10.01:616][  0]LogWindows: DebugString: PrimaryIsNotTheChoosenAdapter PrimaryIsNotTheChoosenAdapter PrimaryIsNotTheChoosenAdapter FoundDriverCount:4 
[2017.04.22-11.10.01:616][  0]LogD3D11RHI:     Adapter Name: NVIDIA GeForce GTX 1060
[2017.04.22-11.10.01:617][  0]LogD3D11RHI:   Driver Version: 376.54 (internal:21.21.13.7654, unified:376.54)
[2017.04.22-11.10.01:617][  0]LogD3D11RHI:      Driver Date: 12-29-2016
[2017.04.22-11.10.01:617][  0]LogRHI: Texture pool is 1361 MB (70% of 1945 MB)
[2017.04.22-11.10.01:631][  0]LogD3D11RHI: Async texture creation enabled
[2017.04.22-11.10.01:641][  0]LogD3D11RHI: GPU Timing Frequency: 1000.000000 (Debug: 2 1)
[2017.04.22-11.10.01:642][  0]LogShaderCompilers: Guid format shader working directory is -16 characters bigger than the processId version (C:/Users/CometGoat/Documents/Games/LudumDare38/LudumDare38/NanoBot/Intermediate/Shaders/WorkingDirectory/5592/).
[2017.04.22-11.10.01:642][  0]LogShaderCompilers: Cleaned the shader compiler working directory 'C:/Users/CometGoat/AppData/Local/Temp/UnrealShaderWorkingDir/5398AC9B498A4EB9D12D739CD544D437/'.
[2017.04.22-11.10.01:642][  0]LogShaderCompilers:Display: Using Local Shader Compiler.
[2017.04.22-11.10.02:594][  0]LogTemp:Display: Loaded TP AllDesktopTargetPlatform
[2017.04.22-11.10.02:636][  0]LogTemp:Display: Loaded TP MacClientTargetPlatform
[2017.04.22-11.10.02:680][  0]LogTemp:Display: Loaded TP MacNoEditorTargetPlatform
[2017.04.22-11.10.02:722][  0]LogTemp:Display: Loaded TP MacServerTargetPlatform
[2017.04.22-11.10.02:765][  0]LogTemp:Display: Loaded TP MacTargetPlatform
[2017.04.22-11.10.02:807][  0]LogTemp:Display: Loaded TP WindowsClientTargetPlatform
[2017.04.22-11.10.02:849][  0]LogTemp:Display: Loaded TP WindowsNoEditorTargetPlatform
[2017.04.22-11.10.02:892][  0]LogTemp:Display: Loaded TP WindowsServerTargetPlatform
[2017.04.22-11.10.02:924][  0]LogTemp:Display: Loaded TP WindowsTargetPlatform
[2017.04.22-11.10.02:966][  0]LogTemp:Display: Loaded TP AndroidTargetPlatform
[2017.04.22-11.10.03:007][  0]LogTemp:Display: Loaded TP Android_ASTCTargetPlatform
[2017.04.22-11.10.03:050][  0]LogTemp:Display: Loaded TP Android_ATCTargetPlatform
[2017.04.22-11.10.03:094][  0]LogTemp:Display: Loaded TP Android_DXTTargetPlatform
[2017.04.22-11.10.03:136][  0]LogTemp:Display: Loaded TP Android_ETC1TargetPlatform
[2017.04.22-11.10.03:178][  0]LogTemp:Display: Loaded TP Android_ETC2TargetPlatform
[2017.04.22-11.10.03:262][  0]LogTemp:Display: Loaded TP Android_MultiTargetPlatform
[2017.04.22-11.10.03:262][  0]LogTemp:Display: Loaded TP Android_PVRTCTargetPlatform
[2017.04.22-11.10.03:288][  0]LogTemp:Display: Loaded TP HTML5TargetPlatform
[2017.04.22-11.10.03:365][  0]LogTemp:Display: Loaded TP IOSTargetPlatform
[2017.04.22-11.10.03:395][  0]LogTemp:Display: Loaded TP TVOSTargetPlatform
[2017.04.22-11.10.03:437][  0]LogTemp:Display: Loaded TP LinuxClientTargetPlatform
[2017.04.22-11.10.03:479][  0]LogTemp:Display: Loaded TP LinuxNoEditorTargetPlatform
[2017.04.22-11.10.03:522][  0]LogTemp:Display: Loaded TP LinuxServerTargetPlatform
[2017.04.22-11.10.03:563][  0]LogTemp:Display: Loaded TP LinuxTargetPlatform
[2017.04.22-11.10.03:563][  0]LogTargetPlatformManager:Display: Building Assets For Windows
[2017.04.22-11.10.03:859][  0]LogDerivedDataCache:Display: Max Cache Size: 512 MB
[2017.04.22-11.10.03:909][  0]LogDerivedDataCache: Loaded boot cache 0.05s 50MB C:/Users/CometGoat/AppData/Local/UnrealEngine/4.15/DerivedDataCache/Boot.ddc.
[2017.04.22-11.10.03:909][  0]LogDerivedDataCache:Display: Loaded Boot cache: C:/Users/CometGoat/AppData/Local/UnrealEngine/4.15/DerivedDataCache/Boot.ddc
[2017.04.22-11.10.03:909][  0]LogDerivedDataCache: FDerivedDataBackendGraph:  Pak pak cache file C:/Users/CometGoat/Documents/Games/LudumDare38/LudumDare38/NanoBot/DerivedDataCache/DDC.ddp not found, will not use a pak cache.
[2017.04.22-11.10.03:909][  0]LogDerivedDataCache: Unable to find inner node Pak for hierarchical cache Hierarchy.
[2017.04.22-11.10.03:909][  0]LogDerivedDataCache: FDerivedDataBackendGraph:  CompressedPak pak cache file C:/Users/CometGoat/Documents/Games/LudumDare38/LudumDare38/NanoBot/DerivedDataCache/Compressed.ddp not found, will not use a pak cache.
[2017.04.22-11.10.03:909][  0]LogDerivedDataCache: Unable to find inner node CompressedPak for hierarchical cache Hierarchy.
[2017.04.22-11.10.03:928][  0]LogDerivedDataCache:Display: Pak cache opened for reading ../../../Engine/DerivedDataCache/Compressed.ddp.
[2017.04.22-11.10.03:940][  0]LogDerivedDataCache: Using Local data cache path C:/Users/CometGoat/AppData/Local/UnrealEngine/Common/DerivedDataCache: Writable
[2017.04.22-11.10.03:949][  0]LogSlate: Using Freetype 2.6.0
[2017.04.22-11.10.03:950][  0]LogSlate: SlateFontCache - WITH_FREETYPE: 1, WITH_HARFBUZZ: 1
[2017.04.22-11.10.03:950][  0]LogSlate: SlateFontCache - WITH_FREETYPE: 1, WITH_HARFBUZZ: 1
[2017.04.22-11.10.04:213][  0]LogInit: Selected Device Profile: [Windows]
[2017.04.22-11.10.04:216][  0]LogContentStreaming: Texture pool size is 0.00 MB
[2017.04.22-11.10.04:391][  0]LogMeshUtilities: Using QuadricMeshReduction for automatic static mesh reduction
[2017.04.22-11.10.04:419][  0]LogSimplygon: Simplygon DLL not present - disabling.
[2017.04.22-11.10.04:450][  0]LogMeshUtilities: Using SimplygonSwarm for distributed automatic mesh merging
[2017.04.22-11.10.04:450][  0]LogMeshUtilities: No automatic skeletal mesh reduction module available
[2017.04.22-11.10.04:450][  0]LogMeshUtilities: No automatic mesh merging module available
[2017.04.22-11.10.04:929][  0]LogNetVersion: GetLocalNetworkVersion: CL: 3299760, ProjectName: nanobot, ProjectVersion: , EngineNetworkVersion: 2, GameNetworkVersion: 0, NetworkChecksum: 236046953
[2017.04.22-11.10.04:968][  0]LogAssetRegistry: FAssetRegistry took 0.0210 seconds to start up
[2017.04.22-11.10.05:018][  0]LogPackageLocalizationCache: Processed 3 localized package path(s) for 2 prioritized culture(s) in 0.031938 seconds
[2017.04.22-11.10.05:022][  0]LogUObjectArray: 32493 objects as part of root set at end of initial load.
[2017.04.22-11.10.05:022][  0]LogUObjectAllocator: 7077024 out of 0 bytes used by permanent object pool.
[2017.04.22-11.10.05:022][  0]LogUObjectArray: CloseDisregardForGC: 0/0 objects in disregard for GC pool
[2017.04.22-11.10.05:063][  0]LogInit: WinSock: version 1.1 (2.2), MaxSocks=32767, MaxUdp=65467
[2017.04.22-11.10.06:277][  0]LogTcpMessaging: Initializing TcpMessaging bridge
[2017.04.22-11.10.06:308][  0]LogUdpMessaging: Initializing bridge on interface 0.0.0.0:0 to multicast group 230.0.0.1:6666.
[2017.04.22-11.10.06:640][  0]LogMaterial: Uniform references updated for custom material expression Custom.
[2017.04.22-11.10.06:917][  0]SourceControl: Info Source control is disabled
[2017.04.22-11.10.06:918][  0]SourceControl: Info Source control is disabled
[2017.04.22-11.10.06:949][  0]SourceControl: Info Source control is disabled
[2017.04.22-11.10.06:979][  0]SourceControl: Info Source control is disabled
[2017.04.22-11.10.07:831][  0]LogEngine: Initializing Engine...
[2017.04.22-11.10.07:832][  0]LogHMD: Failed to initialize OpenVR with code 110
[2017.04.22-11.10.08:024][  0]LogAIModule: Creating AISystem for world Untitled
[2017.04.22-11.10.08:034][  0]LogInit: XAudio2 using 'Speakers (Realtek High Definition Audio)' : 2 channels at 48 kHz using 32 bits per sample (channel mask 0x3)
[2017.04.22-11.10.08:203][  0]LogInit: FAudioDevice initialized.
[2017.04.22-11.10.08:229][  0]LogDerivedDataCache: Saved boot cache 0.03s 50MB C:/Users/CometGoat/AppData/Local/UnrealEngine/4.15/DerivedDataCache/Boot.ddc.
[2017.04.22-11.10.08:236][  0]LogInit: Texture streaming: Enabled
[2017.04.22-11.10.08:301][  0]LogEngineSessionManager: EngineSessionManager initialized
[2017.04.22-11.10.08:365][  0]LogInit: Transaction tracking system initialized
[2017.04.22-11.10.08:598][  0]BlueprintLog: New page: Editor Load
[2017.04.22-11.10.09:196][  0]LocalizationService: Info Localization service is disabled
[2017.04.22-11.10.09:651][  0]LogConsoleResponse:Display: 
[2017.04.22-11.10.09:764][  0]LogCook:Display: Max memory allowance for cook 16384mb min free memory 0mb
[2017.04.22-11.10.09:764][  0]LogCook:Display: Mobile HDR setting 1
[2017.04.22-11.10.10:448][  0]LogFileCache: Scanning file cache for directory 'C:/Users/CometGoat/Documents/Games/LudumDare38/LudumDare38/NanoBot/Content/' took 0.01s
[2017.04.22-11.10.10:448][  0]SourceControl: Info Source control is disabled
[2017.04.22-11.10.10:448][  0]Cmd: MAP LOAD FILE="../../../Engine/Content/Maps/Templates/Template_Default.umap" TEMPLATE=1 SHOWPROGRESS=1 FEATURELEVEL=3
[2017.04.22-11.10.10:448][  0]LightingResults: New page: Lighting Build
[2017.04.22-11.10.10:476][  0]MapCheck: New page: Map Check
[2017.04.22-11.10.10:476][  0]LightingResults: New page: Lighting Build
[2017.04.22-11.10.10:669][  0]LogAIModule: Creating AISystem for world Untitled_1
[2017.04.22-11.10.10:688][  0]LogActorComponent: RegisterComponentWithWorld: (/Temp/Untitled_1.Untitled_1:PersistentLevel.WorldSettings_1.StaticMeshComponent0) Trying to register component with IsPendingKill() == true. Aborting.
[2017.04.22-11.10.10:693][  0]LogEditorServer: Finished looking for orphan Actors (0.000 secs)
[2017.04.22-11.10.10:698][  0]Cmd: MAP CHECKDEP NOCLEARLOG
[2017.04.22-11.10.10:723][  0]MapCheck: Info Map check complete: 0 Error(s), 0 Warning(s), took 25.048ms to complete.
[2017.04.22-11.10.10:723][  0]LogFileHelpers: Loading map 'Template_Default' took 0.274
[2017.04.22-11.10.10:789][  0]LogWindowsTextInputMethodSystem:Display: IME system now deactivated.
[2017.04.22-11.10.10:907][  0]LogCollectionManager: Loaded 0 collections in 0.000810 seconds
[2017.04.22-11.10.10:973][  0]LogFileCache: Scanning file cache for directory 'C:/Users/CometGoat/Documents/Games/LudumDare38/LudumDare38/NanoBot/Saved/Collections/' took 0.01s
[2017.04.22-11.10.10:973][  0]LogFileCache: Scanning file cache for directory 'C:/Users/CometGoat/Documents/Games/LudumDare38/LudumDare38/NanoBot/Content/Developers/CometGoat/Collections/' took 0.01s
[2017.04.22-11.10.10:973][  0]LogFileCache: Scanning file cache for directory 'C:/Users/CometGoat/Documents/Games/LudumDare38/LudumDare38/NanoBot/Content/Collections/' took 0.01s
[2017.04.22-11.10.10:973][  0]LogCollectionManager: Rebuilt the GUID cache for 0 collections in 0.000001 seconds
[2017.04.22-11.10.10:982][  0]LogContentBrowser: Native class hierarchy populated in 0.0093 seconds. Added 2245 classes and 453 folders.
[2017.04.22-11.10.10:985][  0]LogStats: UGameplayTagsManager::ConstructGameplayTagTree: Construct from data asset -  0.000 s
[2017.04.22-11.10.10:985][  0]LogStats: UGameplayTagsManager::ConstructGameplayTagTree: GameplayTagTreeChangedEvent.Broadcast -  0.000 s
[2017.04.22-11.10.11:027][  0]LogContentBrowser: Native class hierarchy updated for 'WidgetCarousel' in 0.0005 seconds. Added 0 classes and 0 folders.
[2017.04.22-11.10.11:061][  0]LogContentBrowser: Native class hierarchy updated for 'AddContentDialog' in 0.0005 seconds. Added 0 classes and 0 folders.
[2017.04.22-11.10.11:093][  0]LogContentBrowser: Native class hierarchy updated for 'SceneOutliner' in 0.0007 seconds. Added 1 classes and 2 folders.
[2017.04.22-11.10.11:186][  0]LogCrashTracker: Crashtracker disabled due to settings.
[2017.04.22-11.10.11:192][  0]LogUObjectGlobals:Warning: Failed to find object 'Class None.'
[2017.04.22-11.10.11:246][  0]LogContentBrowser: Native class hierarchy updated for 'HierarchicalLODOutliner' in 0.0005 seconds. Added 1 classes and 2 folders.
[2017.04.22-11.10.11:246][  0]LogLoad: (Engine Initialization) Total time: 11.91 seconds
[2017.04.22-11.10.11:246][  0]LogLoad: (Engine Initialization) Total Blueprint compile time: 0.08 seconds
[2017.04.22-11.10.11:246][  0]LogExternalProfiler: Found external profiler: VSPerf
[2017.04.22-11.10.11:246][  0]LogExternalProfiler: Using external profiler: VSPerf
[2017.04.22-11.10.11:263][  0]LogOcInput: OculusInput pre-init called
[2017.04.22-11.10.11:285][  0]LogContentStreaming: Texture pool size now 1000 MB
[2017.04.22-11.10.11:286][  0]LogSlate: Took 0.000192 seconds to synchronously load lazily loaded font '../../../Engine/Content/Slate/Fonts/Roboto-Regular.ttf' (155K)
[2017.04.22-11.10.11:290][  0]LogSlate: Took 0.000180 seconds to synchronously load lazily loaded font '../../../Engine/Content/Slate/Fonts/Roboto-Bold.ttf' (160K)
[2017.04.22-11.10.11:295][  0]LogSlate: Took 0.000189 seconds to synchronously load lazily loaded font '../../../Engine/Content/Editor/Slate/Fonts/FontAwesome.ttf' (139K)
[2017.04.22-11.10.11:434][  0]LogSlate: Took 0.000216 seconds to synchronously load lazily loaded font '../../../Engine/Content/Slate/Fonts/Roboto-Light.ttf' (159K)
[2017.04.22-11.10.11:463][  0]LogRenderer: Reallocating scene render targets to support 1148x696 NumSamples 1 (Frame:2).
[2017.04.22-11.10.11:525][  1]LogAssetRegistry: Asset discovery search completed in 6.5784 seconds
[2017.04.22-11.10.11:525][  1]LogCollectionManager: Rebuilt the object cache for 0 collections in 0.000004 seconds (found 0 objects)
[2017.04.22-11.10.11:525][  1]LogCollectionManager: Fixed up redirectors for 0 collections in 0.000049 seconds (updated 0 objects)
[2017.04.22-11.45.13:069][842]LogSlate: Took 0.000175 seconds to synchronously load lazily loaded font '../../../Engine/Content/Slate/Fonts/Roboto-Light.ttf' (159K)
[2017.04.22-11.45.14:843][842]LogSavePackage: Save=28.30ms
[2017.04.22-11.45.14:843][842]LogSavePackage: Moving 'C:/Users/CometGoat/Documents/Games/LudumDare38/LudumDare38/NanoBot/Saved/L_Test_01E9359F1A407C336DF1395AA72AB27DB7.tmp' to 'C:/Users/CometGoat/Documents/Games/LudumDare38/LudumDare38/NanoBot/Content/Gameplay/Levels/L_Test_01.umap'
[2017.04.22-11.45.14:848][842]LogSavePackage:Display: Finished SavePackage C:/Users/CometGoat/Documents/Games/LudumDare38/LudumDare38/NanoBot/Content/Gameplay/Levels/L_Test_01.umap
[2017.04.22-11.45.14:848][842]LogFileHelpers: Saving map 'L_Test_01' took 0.095
[2017.04.22-11.45.14:851][842]Cmd: MAP LOAD FILE="C:/Users/CometGoat/Documents/Games/LudumDare38/LudumDare38/NanoBot/Content/Gameplay/Levels/L_Test_01.umap" TEMPLATE=0 SHOWPROGRESS=1 FEATURELEVEL=3
[2017.04.22-11.45.14:851][842]LightingResults: New page: Lighting Build
[2017.04.22-11.45.14:853][842]LoadErrors: New page: Loading map: L_Test_01.umap
[2017.04.22-11.45.14:854][842]MapCheck: New page: Map Check
[2017.04.22-11.45.14:854][842]LightingResults: New page: Lighting Build
[2017.04.22-11.45.14:981][842]LogEditorServer: Finished looking for orphan Actors (0.000 secs)
[2017.04.22-11.45.14:981][842]LogAIModule: Creating AISystem for world L_Test_01
[2017.04.22-11.45.14:983][842]LogSlate: Took 0.000135 seconds to synchronously load lazily loaded font '../../../Engine/Content/Slate/Fonts/Roboto-Regular.ttf' (155K)
[2017.04.22-11.45.15:022][842]Cmd: MAP CHECKDEP NOCLEARLOG
[2017.04.22-11.45.15:054][842]MapCheck: Info Map check complete: 0 Error(s), 0 Warning(s), took 31.937ms to complete.
[2017.04.22-11.45.15:055][842]LogFileHelpers: Loading map 'L_Test_01' took 0.205
[2017.04.22-11.46.35:766][678]LogEditorViewport: Clicking Background
[2017.04.22-11.46.59:501][ 62]LogActorFactory: Actor Factory created Cube
[2017.04.22-11.47.00:118][ 98]LogActorFactory: Actor Factory created Cube
[2017.04.22-11.49.00:082][ 20]LogMaterial: Missing cached shader map for material M_Floor_Test, compiling. 
[2017.04.22-11.49.00:089][ 20]LogTemp:Display: Added material ShaderMap 0x000001E9E6FA7580 with Material 0x000001E9F8DCBD80 to ShaderMapsBeingCompiled
[2017.04.22-11.49.00:109][ 20]LogTemp:Display: Kicking off shader compilation for M_Floor_Test, GameThreadShaderMap 0x000001E9E6FA7580
[2017.04.22-11.49.00:329][ 20]LogMaterial: Missing cached shader map for material M_Floor_Test, compiling. 
[2017.04.22-11.49.00:330][ 20]LogTemp:Display: Added material ShaderMap 0x000001E98F2D5600 with Material 0x000001E9F8DCBD80 to ShaderMapsBeingCompiled
[2017.04.22-11.49.00:350][ 20]LogTemp:Display: Kicking off shader compilation for M_Floor_Test, GameThreadShaderMap 0x000001E98F2D5600
[2017.04.22-11.49.00:350][ 20]LogMaterial: 0.00 seconds spent updating 1 materials, 1 interfaces, 0 instances, 0 with static permutations.
[2017.04.22-11.49.00:405][ 20]LogSlate: Took 0.021383 seconds to synchronously load lazily loaded font '../../../Engine/Content/Editor/Slate/Fonts/Roboto-BoldCondensed.ttf' (158K)
[2017.04.22-11.49.02:149][104]LogTemp:Display: Finished compile of shader map 0x000001E98F2D5600
[2017.04.22-11.49.02:149][104]LogTemp:Display: Shader map M_Floor_Test complete, GameThreadShaderMap 0x000001E98F2D5600, marking material M_Floor_Test as finished
[2017.04.22-11.49.02:149][104]LogTemp:Display: Marking material as finished 0x000001E9F8DCBD80
[2017.04.22-11.49.02:207][105]MaterialEditorStats: Info Base pass shader with only dynamic lighting: 80 instructions
[2017.04.22-11.49.02:207][105]MaterialEditorStats: Info Vertex shader: 29 instructions
[2017.04.22-11.49.02:207][105]MaterialEditorStats: Info Texture samplers: 1/16
[2017.04.22-11.49.07:474][408]LogMaterial: Missing cached shader map for material M_Floor_Test, compiling. 
[2017.04.22-11.49.07:475][408]LogTemp:Display: Added material ShaderMap 0x000001E9E6FA6E80 with Material 0x000001E9F8DCBD80 to ShaderMapsBeingCompiled
[2017.04.22-11.49.07:486][408]LogTemp:Display: Kicking off shader compilation for M_Floor_Test, GameThreadShaderMap 0x000001E9E6FA6E80
[2017.04.22-11.49.07:486][408]LogMaterial: 0.00 seconds spent updating 1 materials, 1 interfaces, 0 instances, 0 with static permutations.
[2017.04.22-11.49.07:487][408]LogMaterial: Missing cached shader map for material FMatExpressionPreview MaterialExpressionConstant3Vector_0, compiling. 
[2017.04.22-11.49.07:488][408]LogTemp:Display: Added material ShaderMap 0x000001E997FC8B80 with Material 0x000001E995445600 to ShaderMapsBeingCompiled
[2017.04.22-11.49.07:490][408]LogTemp:Display: Kicking off shader compilation for FMatExpressionPreview MaterialExpressionConstant3Vector_0, GameThreadShaderMap 0x000001E997FC8B80
[2017.04.22-11.49.08:752][463]LogTemp:Display: Finished compile of shader map 0x000001E9E6FA6E80
[2017.04.22-11.49.08:752][463]LogTemp:Display: Shader map M_Floor_Test complete, GameThreadShaderMap 0x000001E9E6FA6E80, marking material M_Floor_Test as finished
[2017.04.22-11.49.08:752][463]LogTemp:Display: Marking material as finished 0x000001E9F8DCBD80
[2017.04.22-11.49.08:782][464]MaterialEditorStats: Info Base pass shader with only dynamic lighting: 80 instructions
[2017.04.22-11.49.08:782][464]MaterialEditorStats: Info Vertex shader: 29 instructions
[2017.04.22-11.49.08:782][464]MaterialEditorStats: Info Texture samplers: 1/16
[2017.04.22-11.49.08:802][465]LogTemp:Display: Finished compile of shader map 0x000001E997FC8B80
[2017.04.22-11.49.08:802][465]LogTemp:Display: Shader map FMatExpressionPreview MaterialExpressionConstant3Vector_0 complete, GameThreadShaderMap 0x000001E997FC8B80, marking material FMatExpressionPreview MaterialExpressionConstant3Vector_0 as finished
[2017.04.22-11.49.08:802][465]LogTemp:Display: Marking material as finished 0x000001E995445600
[2017.04.22-11.49.22:071][258]LogMaterial: Missing cached shader map for material M_Floor_Test, compiling. 
[2017.04.22-11.49.22:071][258]LogTemp:Display: Added material ShaderMap 0x000001E997FC8800 with Material 0x000001E9F8DCBD80 to ShaderMapsBeingCompiled
[2017.04.22-11.49.22:083][258]LogTemp:Display: Kicking off shader compilation for M_Floor_Test, GameThreadShaderMap 0x000001E997FC8800
[2017.04.22-11.49.22:084][258]LogMaterial: 0.00 seconds spent updating 1 materials, 1 interfaces, 0 instances, 0 with static permutations.
[2017.04.22-11.49.22:118][258]LogMaterial: Missing cached shader map for material FMatExpressionPreview MaterialExpressionConstant3Vector_0, compiling. 
[2017.04.22-11.49.22:119][258]LogTemp:Display: Added material ShaderMap 0x000001E997C86780 with Material 0x000001E98F20D300 to ShaderMapsBeingCompiled
[2017.04.22-11.49.22:121][258]LogTemp:Display: Kicking off shader compilation for FMatExpressionPreview MaterialExpressionConstant3Vector_0, GameThreadShaderMap 0x000001E997C86780
[2017.04.22-11.49.22:907][295]LogMaterial: Missing cached shader map for material M_Floor_Test, compiling. 
[2017.04.22-11.49.22:908][295]LogTemp:Display: Added material ShaderMap 0x000001E995A59280 with Material 0x000001E9F8DCBD80 to ShaderMapsBeingCompiled
[2017.04.22-11.49.22:922][295]LogTemp:Display: Kicking off shader compilation for M_Floor_Test, GameThreadShaderMap 0x000001E995A59280
[2017.04.22-11.49.22:923][295]LogMaterial: 0.00 seconds spent updating 1 materials, 1 interfaces, 0 instances, 0 with static permutations.
[2017.04.22-11.49.22:929][295]LogTemp:Display: Removed shader map 0x000001E997C86780 from material 0x000001E98F20D300
[2017.04.22-11.49.22:952][295]LogMaterial: Missing cached shader map for material FMatExpressionPreview MaterialExpressionConstant3Vector_0, compiling. 
[2017.04.22-11.49.22:953][295]LogTemp:Display: Added material ShaderMap 0x000001E99678AE80 with Material 0x000001E99707F700 to ShaderMapsBeingCompiled
[2017.04.22-11.49.22:956][295]LogTemp:Display: Kicking off shader compilation for FMatExpressionPreview MaterialExpressionConstant3Vector_0, GameThreadShaderMap 0x000001E99678AE80
[2017.04.22-11.49.23:123][302]LogTemp:Display: Finished compile of shader map 0x000001E997FC8800
[2017.04.22-11.49.23:123][302]LogTemp:Display: Shader map M_Floor_Test complete, GameThreadShaderMap 0x000001E997FC8800, marking material M_Floor_Test as finished
[2017.04.22-11.49.23:123][302]LogTemp:Display: Marking material as finished 0x000001E9F8DCBD80
[2017.04.22-11.49.23:273][309]LogTemp:Display: Finished compile of shader map 0x000001E997C86780
[2017.04.22-11.49.24:395][364]LogTemp:Display: Finished compile of shader map 0x000001E995A59280
[2017.04.22-11.49.24:395][364]LogTemp:Display: Shader map M_Floor_Test complete, GameThreadShaderMap 0x000001E995A59280, marking material M_Floor_Test as finished
[2017.04.22-11.49.24:395][364]LogTemp:Display: Marking material as finished 0x000001E9F8DCBD80
[2017.04.22-11.49.24:485][369]LogTemp:Display: Finished compile of shader map 0x000001E99678AE80
[2017.04.22-11.49.24:485][369]LogTemp:Display: Shader map FMatExpressionPreview MaterialExpressionConstant3Vector_0 complete, GameThreadShaderMap 0x000001E99678AE80, marking material FMatExpressionPreview MaterialExpressionConstant3Vector_0 as finished
[2017.04.22-11.49.24:485][369]LogTemp:Display: Marking material as finished 0x000001E99707F700
[2017.04.22-11.49.49:206][851]LogMaterial: Missing cached shader map for material M_Floor_Test, compiling. 
[2017.04.22-11.49.49:207][851]LogTemp:Display: Added material ShaderMap 0x000001E996789D00 with Material 0x000001E9F8DCBD80 to ShaderMapsBeingCompiled
[2017.04.22-11.49.49:218][851]LogTemp:Display: Kicking off shader compilation for M_Floor_Test, GameThreadShaderMap 0x000001E996789D00
[2017.04.22-11.49.49:218][851]LogMaterial: 0.00 seconds spent updating 1 materials, 1 interfaces, 0 instances, 0 with static permutations.
[2017.04.22-11.49.49:246][851]LogMaterial: Missing cached shader map for material FMatExpressionPreview MaterialExpressionConstant3Vector_0, compiling. 
[2017.04.22-11.49.49:247][851]LogTemp:Display: Added material ShaderMap 0x000001E98F22D980 with Material 0x000001E9966D4D00 to ShaderMapsBeingCompiled
[2017.04.22-11.49.49:249][851]LogTemp:Display: Kicking off shader compilation for FMatExpressionPreview MaterialExpressionConstant3Vector_0, GameThreadShaderMap 0x000001E98F22D980
[2017.04.22-11.49.50:673][922]LogTemp:Display: Finished compile of shader map 0x000001E996789D00
[2017.04.22-11.49.50:673][922]LogTemp:Display: Shader map M_Floor_Test complete, GameThreadShaderMap 0x000001E996789D00, marking material M_Floor_Test as finished
[2017.04.22-11.49.50:673][922]LogTemp:Display: Marking material as finished 0x000001E9F8DCBD80
[2017.04.22-11.49.50:771][927]LogTemp:Display: Finished compile of shader map 0x000001E98F22D980
[2017.04.22-11.49.50:771][927]LogTemp:Display: Shader map FMatExpressionPreview MaterialExpressionConstant3Vector_0 complete, GameThreadShaderMap 0x000001E98F22D980, marking material FMatExpressionPreview MaterialExpressionConstant3Vector_0 as finished
[2017.04.22-11.49.50:771][927]LogTemp:Display: Marking material as finished 0x000001E9966D4D00
[2017.04.22-11.49.52:040][  3]LogMaterial: Missing cached shader map for material M_Floor_Test, compiling. 
[2017.04.22-11.49.52:041][  3]LogTemp:Display: Added material ShaderMap 0x000001E98F22C480 with Material 0x000001E9F8DCBD80 to ShaderMapsBeingCompiled
[2017.04.22-11.49.52:051][  3]LogTemp:Display: Kicking off shader compilation for M_Floor_Test, GameThreadShaderMap 0x000001E98F22C480
[2017.04.22-11.49.52:051][  3]LogMaterial: 0.00 seconds spent updating 1 materials, 1 interfaces, 0 instances, 0 with static permutations.
[2017.04.22-11.49.52:079][  3]LogMaterial: Missing cached shader map for material FMatExpressionPreview MaterialExpressionConstant3Vector_0, compiling. 
[2017.04.22-11.49.52:079][  3]LogTemp:Display: Added material ShaderMap 0x000001E996789980 with Material 0x000001E98F29E200 to ShaderMapsBeingCompiled
[2017.04.22-11.49.52:083][  3]LogTemp:Display: Kicking off shader compilation for FMatExpressionPreview MaterialExpressionConstant3Vector_0, GameThreadShaderMap 0x000001E996789980
[2017.04.22-11.49.53:333][ 63]LogTemp:Display: Finished compile of shader map 0x000001E98F22C480
[2017.04.22-11.49.53:333][ 63]LogTemp:Display: Shader map M_Floor_Test complete, GameThreadShaderMap 0x000001E98F22C480, marking material M_Floor_Test as finished
[2017.04.22-11.49.53:333][ 63]LogTemp:Display: Marking material as finished 0x000001E9F8DCBD80
[2017.04.22-11.49.53:356][ 64]MaterialEditorStats: Info Base pass shader with only dynamic lighting: 80 instructions
[2017.04.22-11.49.53:356][ 64]MaterialEditorStats: Info Vertex shader: 29 instructions
[2017.04.22-11.49.53:356][ 64]MaterialEditorStats: Info Texture samplers: 1/16
[2017.04.22-11.49.53:468][ 70]LogTemp:Display: Finished compile of shader map 0x000001E996789980
[2017.04.22-11.49.53:468][ 70]LogTemp:Display: Shader map FMatExpressionPreview MaterialExpressionConstant3Vector_0 complete, GameThreadShaderMap 0x000001E996789980, marking material FMatExpressionPreview MaterialExpressionConstant3Vector_0 as finished
[2017.04.22-11.49.53:468][ 70]LogTemp:Display: Marking material as finished 0x000001E98F29E200
[2017.04.22-11.49.54:398][125]LogMaterial: Missing cached shader map for material M_Floor_Test, compiling. 
[2017.04.22-11.49.54:400][125]LogTemp:Display: Added material ShaderMap 0x000001E99678B900 with Material 0x000001E9F8DCBD80 to ShaderMapsBeingCompiled
[2017.04.22-11.49.54:411][125]LogTemp:Display: Kicking off shader compilation for M_Floor_Test, GameThreadShaderMap 0x000001E99678B900
[2017.04.22-11.49.54:411][125]LogMaterial: 0.00 seconds spent updating 1 materials, 1 interfaces, 0 instances, 0 with static permutations.
[2017.04.22-11.49.54:440][125]LogMaterial: Missing cached shader map for material FMatExpressionPreview MaterialExpressionConstant3Vector_0, compiling. 
[2017.04.22-11.49.54:440][125]LogTemp:Display: Added material ShaderMap 0x000001E997435280 with Material 0x000001E99702DC00 to ShaderMapsBeingCompiled
[2017.04.22-11.49.54:444][125]LogTemp:Display: Kicking off shader compilation for FMatExpressionPreview MaterialExpressionConstant3Vector_0, GameThreadShaderMap 0x000001E997435280
[2017.04.22-11.49.55:615][183]LogTemp:Display: Finished compile of shader map 0x000001E99678B900
[2017.04.22-11.49.55:615][183]LogTemp:Display: Shader map M_Floor_Test complete, GameThreadShaderMap 0x000001E99678B900, marking material M_Floor_Test as finished
[2017.04.22-11.49.55:615][183]LogTemp:Display: Marking material as finished 0x000001E9F8DCBD80
[2017.04.22-11.49.55:634][184]MaterialEditorStats: Info Base pass shader with only dynamic lighting: 80 instructions
[2017.04.22-11.49.55:635][184]MaterialEditorStats: Info Vertex shader: 29 instructions
[2017.04.22-11.49.55:635][184]MaterialEditorStats: Info Texture samplers: 1/16
[2017.04.22-11.49.55:685][187]LogTemp:Display: Finished compile of shader map 0x000001E997435280
[2017.04.22-11.49.55:685][187]LogTemp:Display: Shader map FMatExpressionPreview MaterialExpressionConstant3Vector_0 complete, GameThreadShaderMap 0x000001E997435280, marking material FMatExpressionPreview MaterialExpressionConstant3Vector_0 as finished
[2017.04.22-11.49.55:685][187]LogTemp:Display: Marking material as finished 0x000001E99702DC00
[2017.04.22-11.49.57:088][269]LogMaterialEditor: Saving and Compiling material M_Floor_Test
[2017.04.22-11.49.57:708][269]LogMaterial: Missing cached shader map for material M_Floor_Test, compiling. 
[2017.04.22-11.49.57:709][269]LogTemp:Display: Added material ShaderMap 0x000001E997434F00 with Material 0x000001E9F8DCBD80 to ShaderMapsBeingCompiled
[2017.04.22-11.49.57:729][269]LogTemp:Display: Kicking off shader compilation for M_Floor_Test, GameThreadShaderMap 0x000001E997434F00
[2017.04.22-11.49.57:729][269]LogMaterial: 0.00 seconds spent updating 1 materials, 1 interfaces, 0 instances, 0 with static permutations.
[2017.04.22-11.49.57:757][269]LogMaterial: Missing cached shader map for material M_Floor_Test, compiling. 
[2017.04.22-11.49.57:757][269]LogTemp:Display: Added material ShaderMap 0x000001E98F3FCF00 with Material 0x000001E9F8D52080 to ShaderMapsBeingCompiled
[2017.04.22-11.49.57:784][269]LogTemp:Display: Kicking off shader compilation for M_Floor_Test, GameThreadShaderMap 0x000001E98F3FCF00
[2017.04.22-11.49.57:786][269]LogMaterial: Missing cached shader map for material M_Floor_Test, compiling. 
[2017.04.22-11.49.57:787][269]LogTemp:Display: Added material ShaderMap 0x000001E9D89EC480 with Material 0x000001E9F8D52080 to ShaderMapsBeingCompiled
[2017.04.22-11.49.57:805][269]LogTemp:Display: Kicking off shader compilation for M_Floor_Test, GameThreadShaderMap 0x000001E9D89EC480
[2017.04.22-11.49.57:806][269]LogMaterial: 0.00 seconds spent updating 1 materials, 1 interfaces, 0 instances, 0 with static permutations.
[2017.04.22-11.49.57:840][269]LogMaterial: Missing cached shader map for material FDebugViewModeMaterialProxy M_Floor_Test, compiling. 
[2017.04.22-11.49.57:841][269]LogTemp:Display: Added material ShaderMap 0x000001E99B352E80 with Material 0x000001E9D4954A00 to ShaderMapsBeingCompiled
[2017.04.22-11.49.58:502][269]LogTemp:Display: Finished compile of shader map 0x000001E99B352E80
[2017.04.22-11.49.58:502][269]LogTemp:Display: Shader map FDebugViewModeMaterialProxy M_Floor_Test complete, GameThreadShaderMap 0x000001E99B352E80, marking material FDebugViewModeMaterialProxy M_Floor_Test as finished
[2017.04.22-11.49.58:502][269]LogTemp:Display: Marking material as finished 0x000001E9D4954A00
[2017.04.22-11.49.58:505][269]TextureStreamingBuild:Display: Compiling optional shaders took 0.688 seconds.
[2017.04.22-11.50.00:093][269]LogTemp:Display: Finished compile of shader map 0x000001E9D89EC480
[2017.04.22-11.50.00:093][269]LogTemp:Display: Shader map M_Floor_Test complete, GameThreadShaderMap 0x000001E9D89EC480, marking material M_Floor_Test as finished
[2017.04.22-11.50.00:093][269]LogTemp:Display: Marking material as finished 0x000001E9F8D52080
[2017.04.22-11.50.00:100][269]LogTemp:Display: Finished compile of shader map 0x000001E997434F00
[2017.04.22-11.50.00:100][269]LogTemp:Display: Shader map M_Floor_Test complete, GameThreadShaderMap 0x000001E997434F00, marking material M_Floor_Test as finished
[2017.04.22-11.50.00:100][269]LogTemp:Display: Marking material as finished 0x000001E9F8DCBD80
[2017.04.22-11.50.00:143][269]LogSavePackage: Save=18.05ms
[2017.04.22-11.50.00:143][269]LogSavePackage: Moving 'C:/Users/CometGoat/Documents/Games/LudumDare38/LudumDare38/NanoBot/Saved/M_Floor_TestB8F021EC4F42879C11E19D9CE61B2860.tmp' to 'C:/Users/CometGoat/Documents/Games/LudumDare38/LudumDare38/NanoBot/Content/Environment/Materials/M_Floor_Test.uasset'
[2017.04.22-11.50.00:147][269]LogSavePackage:Display: Finished SavePackage C:/Users/CometGoat/Documents/Games/LudumDare38/LudumDare38/NanoBot/Content/Environment/Materials/M_Floor_Test.uasset
[2017.04.22-11.50.00:152][269]MaterialEditorStats: Info Base pass shader with only dynamic lighting: 80 instructions
[2017.04.22-11.50.00:152][269]MaterialEditorStats: Info Vertex shader: 29 instructions
[2017.04.22-11.50.00:152][269]MaterialEditorStats: Info Texture samplers: 2/16
[2017.04.22-11.50.45:517][611]LogContentBrowser: Native class hierarchy updated for 'BlueprintGraph' in 0.0008 seconds. Added 112 classes and 0 folders.
[2017.04.22-11.50.48:148][697]LogSlate: Took 0.014530 seconds to synchronously load lazily loaded font '../../../Engine/Content/Editor/Slate/Fonts/Roboto-Italic.ttf' (157K)
[2017.04.22-11.51.20:393][482]BlueprintLog: New page: Compile BP_NanoBot
[2017.04.22-11.51.21:181][499]LogSavePackage: Save=23.94ms
[2017.04.22-11.51.21:181][499]LogSavePackage: Moving 'C:/Users/CometGoat/Documents/Games/LudumDare38/LudumDare38/NanoBot/Saved/BP_NanoBot8B182D5F49C511429B9EA3AEDCB9B3A0.tmp' to 'C:/Users/CometGoat/Documents/Games/LudumDare38/LudumDare38/NanoBot/Content/Characters/CharactersBlueprints/BP_NanoBot.uasset'
[2017.04.22-11.51.21:184][499]LogSavePackage:Display: Finished SavePackage C:/Users/CometGoat/Documents/Games/LudumDare38/LudumDare38/NanoBot/Content/Characters/CharactersBlueprints/BP_NanoBot.uasset
[2017.04.22-11.54.54:052][944]LogSlate: Took 0.008216 seconds to synchronously load lazily loaded font '../../../Engine/Content/Editor/Slate/Fonts/Roboto-BoldCondensedItalic.ttf' (160K)
[2017.04.22-11.55.47:711][100]LogSlate: Took 0.000164 seconds to synchronously load lazily loaded font '../../../Engine/Content/Slate/Fonts/Roboto-Light.ttf' (159K)
[2017.04.22-11.59.47:420][585]BlueprintLog: New page: Compile BP_NanoBot
[2017.04.22-11.59.47:946][585]LogStats: FPlatformStackWalk::StackWalkAndDump -  0.267 s
[2017.04.22-11.59.47:946][585]LogOutputDevice:Error: === Handled ensure: ===
[2017.04.22-11.59.47:946][585]LogOutputDevice:Error: 
[2017.04.22-11.59.47:946][585]LogOutputDevice:Error: Ensure condition failed: Cast<APawn>(NewUpdatedComponent->GetOwner()) [File:D:\Build\++UE4+Release-4.15+Compile\Sync\Engine\Source\Runtime\Engine\Private\Components\PawnMovementComponent.cpp] [Line: 16]
[2017.04.22-11.59.47:946][585]LogOutputDevice:Error: FloatingPawnMovement must update a component owned by a Pawn
[2017.04.22-11.59.47:946][585]LogOutputDevice:Error: Stack: 
[2017.04.22-11.59.47:946][585]LogOutputDevice:Error: UE4Editor-Core.dll!0x00000000177795E6
[2017.04.22-11.59.47:946][585]LogOutputDevice:Error: UE4Editor-Core.dll!0x0000000017529B82
[2017.04.22-11.59.47:946][585]LogOutputDevice:Error: UE4Editor-Core.dll!0x000000001753B666
[2017.04.22-11.59.47:946][585]LogOutputDevice:Error: UE4Editor-Engine.dll!0x00000000F8D907C3
[2017.04.22-11.59.47:946][585]LogOutputDevice:Error: UE4Editor-Engine.dll!0x00000000F8D78455
[2017.04.22-11.59.47:946][585]LogOutputDevice:Error: UE4Editor-Engine.dll!0x00000000F8926D4B
[2017.04.22-11.59.47:946][585]LogOutputDevice:Error: UE4Editor-Engine.dll!0x00000000F892E811
[2017.04.22-11.59.47:946][585]LogOutputDevice:Error: UE4Editor-Engine.dll!0x00000000F890F86B
[2017.04.22-11.59.47:946][585]LogOutputDevice:Error: UE4Editor-Engine.dll!0x00000000F8932F67
[2017.04.22-11.59.47:946][585]LogOutputDevice:Error: UE4Editor-Engine.dll!0x00000000F9170782
[2017.04.22-11.59.47:946][585]LogOutputDevice:Error: UE4Editor-Engine.dll!0x00000000F9170B67
[2017.04.22-11.59.47:946][585]LogOutputDevice:Error: UE4Editor-UnrealEd.dll!0x000000000DCCC6E5
[2017.04.22-11.59.47:946][585]LogOutputDevice:Error: UE4Editor-UnrealEd.dll!0x000000000DD8ED0E
[2017.04.22-11.59.47:946][585]LogOutputDevice:Error: UE4Editor-UnrealEd.dll!0x000000000DCFCA9E
[2017.04.22-11.59.47:946][585]LogOutputDevice:Error: UE4Editor-UnrealEd.dll!0x000000000DCFCB3C
[2017.04.22-11.59.47:946][585]LogOutputDevice:Error: UE4Editor-UnrealEd.dll!0x000000000D8E0F76
[2017.04.22-11.59.47:946][585]LogOutputDevice:Error: UE4Editor-Kismet.dll!0x0000000012DD9082
[2017.04.22-11.59.47:946][585]LogOutputDevice:Error: UE4Editor-Kismet.dll!0x0000000012D9159C
[2017.04.22-11.59.47:946][585]LogOutputDevice:Error: UE4Editor-Kismet.dll!0x0000000012D95FDC
[2017.04.22-11.59.47:946][585]LogOutputDevice:Error: UE4Editor-Engine.dll!0x00000000F8832F5A
[2017.04.22-11.59.47:946][585]LogOutputDevice:Error: UE4Editor-UnrealEd.dll!0x000000000D927207
[2017.04.22-11.59.47:946][585]LogOutputDevice:Error: UE4Editor-Kismet.dll!0x0000000012D444FD
[2017.04.22-11.59.47:946][585]LogOutputDevice:Error: UE4Editor-Kismet.dll!0x0000000012D91941
[2017.04.22-11.59.47:946][585]LogOutputDevice:Error: UE4Editor-Kismet.dll!0x0000000012D963E6
[2017.04.22-11.59.47:946][585]LogOutputDevice:Error: UE4Editor-Slate.dll!0x0000000017E5819F
[2017.04.22-11.59.47:946][585]LogOutputDevice:Error: UE4Editor-Slate.dll!0x0000000017F4B530
[2017.04.22-11.59.47:946][585]LogOutputDevice:Error: UE4Editor-Slate.dll!0x0000000017EBC7A2
[2017.04.22-11.59.47:946][585]LogOutputDevice:Error: UE4Editor-Slate.dll!0x0000000017EBDBA9
[2017.04.22-11.59.47:946][585]LogOutputDevice:Error: UE4Editor-Slate.dll!0x0000000017F2B689
[2017.04.22-11.59.47:946][585]LogOutputDevice:Error: UE4Editor-Slate.dll!0x0000000017FDCF25
[2017.04.22-11.59.47:946][585]LogOutputDevice:Error: UE4Editor-Slate.dll!0x000000001800A4AE
[2017.04.22-11.59.47:946][585]LogOutputDevice:Error: UE4Editor-Slate.dll!0x0000000017E3411C
[2017.04.22-11.59.47:946][585]LogOutputDevice:Error: UE4Editor-Slate.dll!0x0000000017E047F5
[2017.04.22-11.59.47:946][585]LogOutputDevice:Error: UE4Editor-Slate.dll!0x0000000017EA7193
[2017.04.22-11.59.47:947][585]LogOutputDevice:Error: UE4Editor-Slate.dll!0x0000000017E91100
[2017.04.22-11.59.47:947][585]LogOutputDevice:Error: UE4Editor-Slate.dll!0x0000000017E80211
[2017.04.22-11.59.47:947][585]LogOutputDevice:Error: UE4Editor-Core.dll!0x000000001776CDF9
[2017.04.22-11.59.47:947][585]LogOutputDevice:Error: UE4Editor-Core.dll!0x00000000177567C1
[2017.04.22-11.59.47:947][585]LogOutputDevice:Error: UE4Editor-Core.dll!0x000000001776EA1C
[2017.04.22-11.59.47:947][585]LogOutputDevice:Error: UE4Editor-Core.dll!0x00000000177526E9
[2017.04.22-11.59.47:947][585]LogOutputDevice:Error: USER32.dll!0x0000000053801C24
[2017.04.22-11.59.47:947][585]LogOutputDevice:Error: USER32.dll!0x000000005380156C
[2017.04.22-11.59.47:947][585]LogOutputDevice:Error: UE4Editor-Core.dll!0x000000001776F326
[2017.04.22-11.59.47:947][585]LogOutputDevice:Error: UE4Editor.exe!0x000000009AE1D790
[2017.04.22-11.59.47:947][585]LogOutputDevice:Error: UE4Editor.exe!0x000000009AE0EB40
[2017.04.22-11.59.47:947][585]LogOutputDevice:Error: UE4Editor.exe!0x000000009AE0EBBA
[2017.04.22-11.59.47:947][585]LogOutputDevice:Error: UE4Editor.exe!0x000000009AE20A29
[2017.04.22-11.59.47:947][585]LogOutputDevice:Error: UE4Editor.exe!0x000000009AE222B6
[2017.04.22-11.59.47:947][585]LogOutputDevice:Error: KERNEL32.DLL!0x00000000533F8364
[2017.04.22-11.59.47:947][585]LogOutputDevice:Error: ntdll.dll!0x00000000546170D1
[2017.04.22-11.59.47:947][585]LogOutputDevice:Error: 
[2017.04.22-11.59.47:952][585]LogStats:                SubmitErrorReport -  0.000 s
